-------------------------------------------------------------------------------
      name:  <unnamed>
       log:  /Users/sacks/Projects/VaccSideEffects/output/logs/balance_tables_f
> ull.log
  log type:  text
 opened on:  22 Jan 2026, 13:34:12
.     di "=== Running in batch mode: $scriptname ==="
=== Running in batch mode: balance_tables_full ===
.     di "Log: output/logs/$scriptname.log"
Log: output/logs/balance_tables_full.log
.     di ""

. }

. 
end of do-file

. 
. /*---------------------------------------------------------------------------
> ---
>     1. Load data and define variable lists
> -----------------------------------------------------------------------------
> -*/
. 
. use "derived/merged_main_pre.dta", clear

. 
. local prior_vars "prior_placebo_1 prior_placebo_2 prior_placebo_3 prior_place
> bo_4 prior_placebo_5 prior_placebo_6 prior_placebo_7 prior_vacc_1 prior_vacc_
> 2 prior_vacc_3 prior_vacc_4 prior_vacc_5 prior_vacc_6 prior_vacc_7"

. 
. local vacc_vars "intent_no had_prior_covid_vacc had_prior_flu_vacc covid_reac
> t_none covid_react_mild covid_react_severe flu_react_none flu_react_mild flu_
> react_severe"

. 
. local demo_vars "age_18_34 age_35_49 age_50_64 age_65plus female gender_other
>  educ_hs_or_less educ_some_college educ_college educ_grad income_lt25k income
> _25_50k income_50_75k income_75_100k income_100kplus race_white race_black ra
> ce_asian race_native race_other hispanic polviews_very_liberal polviews_liber
> al polviews_slight_liberal polviews_moderate polviews_slight_conserv polviews
> _conservative polviews_very_conserv"

. 
. local trust_vars "trust_strongly_disagree trust_somewhat_disagree trust_neith
> er trust_somewhat_agree trust_strongly_agree"

. 
. local health_vars "cond_none cond_asthma cond_lung cond_heart cond_diabetes c
> ond_kidney cond_rather_not_say"

. 
. /*---------------------------------------------------------------------------
> ---
>     2. Create balance tables by domain
> -----------------------------------------------------------------------------
> -*/
. 
. balance_table `prior_vars', ///
>     group(arm_n) saving(output/tables/balance_prior_beliefs.tex) jointtest

Simultaneous results for _bt_est1, _bt_est2, _bt_est3, _bt_est4, _bt_est5, _bt_
> est6, _bt_est7, _bt_est8, _bt_est9, _bt_est10, _bt_est11, _bt_est12, _bt_est1
> 3, _bt_est14

                                                         Number of obs = 3,538

------------------------------------------------------------------------------
             |               Robust
             | Coefficient  std. err.      z    P>|z|     [95% conf. interval]
-------------+----------------------------------------------------------------
_bt_est1_m~n |
       arm_n |
1. Industry  |  -.0237288   .0193821    -1.22   0.221     -.061717    .0142594
2. Academic  |  -.0151159   .0195468    -0.77   0.439    -.0534268    .0231951
3. Personal  |  -.0092806   .0196227    -0.47   0.636    -.0477403    .0291792
             |
       _cons |   .2225989   .0139854    15.92   0.000     .1951881    .2500097
-------------+----------------------------------------------------------------
_bt_est1_l~r |
       _cons |  -1.793696   .0238455   -75.22   0.000    -1.840433    -1.74696
-------------+----------------------------------------------------------------
_bt_est2_m~n |
       arm_n |
1. Industry  |  -.0259887   .0230721    -1.13   0.260    -.0712091    .0192317
2. Academic  |   .0115416   .0233006     0.50   0.620    -.0341268    .0572099
3. Personal  |  -.0331752   .0230176    -1.44   0.150    -.0782889    .0119385
             |
       _cons |   .3932203   .0164219    23.94   0.000      .361034    .4254067
-------------+----------------------------------------------------------------
_bt_est2_l~r |
       _cons |  -1.444606   .0082959  -174.14   0.000    -1.460866   -1.428347
-------------+----------------------------------------------------------------
_bt_est3_m~n |
       arm_n |
1. Industry  |   .0112994   .0166116     0.68   0.496    -.0212587    .0438575
2. Academic  |   .0118029   .0166382     0.71   0.478    -.0208074    .0444133
3. Personal  |   .0235477   .0168923     1.39   0.163    -.0095605    .0566559
             |
       _cons |   .1367232   .0115501    11.84   0.000     .1140854    .1593609
-------------+----------------------------------------------------------------
_bt_est3_l~r |
       _cons |  -2.067962   .0332159   -62.26   0.000    -2.133064    -2.00286
-------------+----------------------------------------------------------------
_bt_est4_m~n |
       arm_n |
1. Industry  |   .0101695   .0123566     0.82   0.411    -.0140489    .0343879
2. Academic  |  -.0145086   .0113423    -1.28   0.201     -.036739    .0077218
3. Personal  |   .0010521   .0119921     0.09   0.930     -.022452    .0245563
             |
       _cons |   .0677966   .0084518     8.02   0.000     .0512314    .0843618
-------------+----------------------------------------------------------------
_bt_est4_l~r |
       _cons |   -2.77271   .0581195   -47.71   0.000    -2.886622   -2.658798
-------------+----------------------------------------------------------------
_bt_est5_m~n |
       arm_n |
1. Industry  |   .0011299   .0155936     0.07   0.942     -.029433    .0316928
2. Academic  |   .0015489   .0156184     0.10   0.921    -.0290626    .0321603
3. Personal  |   .0088916   .0157974     0.56   0.574    -.0220708     .039854
             |
       _cons |   .1220339   .0110045    11.09   0.000     .1004655    .1436022
-------------+----------------------------------------------------------------
_bt_est5_l~r |
       _cons |  -2.212439   .0381023   -58.07   0.000    -2.287118    -2.13776
-------------+----------------------------------------------------------------
_bt_est6_m~n |
       arm_n |
1. Industry  |   .0248588    .010752     2.31   0.021     .0037852    .0459323
2. Academic  |   .0035436   .0097149     0.36   0.715    -.0154973    .0225844
3. Personal  |   .0089822   .0099854     0.90   0.368    -.0105888    .0285531
             |
       _cons |   .0418079   .0067289     6.21   0.000     .0286195    .0549963
-------------+----------------------------------------------------------------
_bt_est6_l~r |
       _cons |  -3.026068    .068322   -44.29   0.000    -3.159977   -2.892159
-------------+----------------------------------------------------------------
_bt_est7_m~n |
       arm_n |
1. Industry  |   .0022599   .0061369     0.37   0.713    -.0097682     .014288
2. Academic  |   .0011876   .0060462     0.20   0.844    -.0106627    .0130379
3. Personal  |  -.0000179   .0059291    -0.00   0.998    -.0116387     .011603
             |
       _cons |   .0158192   .0041949     3.77   0.000     .0075974     .024041
-------------+----------------------------------------------------------------
_bt_est7_l~r |
       _cons |  -4.109519   .1267772   -32.42   0.000    -4.357998   -3.861041
-------------+----------------------------------------------------------------
_bt_est8_m~n |
       arm_n |
1. Industry  |   .0101695   .0074801     1.36   0.174    -.0044912    .0248302
2. Academic  |   .0080057   .0073318     1.09   0.275    -.0063644    .0223758
3. Personal  |   .0101351   .0074751     1.36   0.175    -.0045159     .024786
             |
       _cons |    .020339   .0047456     4.29   0.000     .0110378    .0296402
-------------+----------------------------------------------------------------
_bt_est8_l~r |
       _cons |   -3.62393   .0971532   -37.30   0.000    -3.814347   -3.433513
-------------+----------------------------------------------------------------
_bt_est9_m~n |
       arm_n |
1. Industry  |   -.020339   .0168774    -1.21   0.228     -.053418      .01274
2. Academic  |   .0050732    .017477     0.29   0.772     -.029181    .0393274
3. Personal  |   .0077221   .0175143     0.44   0.659    -.0266053    .0420495
             |
       _cons |   .1581921   .0122684    12.89   0.000     .1341464    .1822378
-------------+----------------------------------------------------------------
_bt_est9_l~r |
       _cons |  -2.025709   .0317778   -63.75   0.000    -2.087993   -1.963426
-------------+----------------------------------------------------------------
_bt_est10_~n |
       arm_n |
1. Industry  |  -.0079096   .0179079    -0.44   0.659    -.0430084    .0271892
2. Academic  |   .0039971   .0181674     0.22   0.826    -.0316103    .0396045
3. Personal  |   -.002455   .0180161    -0.14   0.892    -.0377659    .0328558
             |
       _cons |   .1751412   .0127783    13.71   0.000     .1500962    .2001863
-------------+----------------------------------------------------------------
_bt_est10_~r |
       _cons |  -1.940929   .0289542   -67.03   0.000    -1.997679    -1.88418
-------------+----------------------------------------------------------------
_bt_est11_~n |
       arm_n |
1. Industry  |   .0282486    .014804     1.91   0.056    -.0007668    .0572639
2. Academic  |   .0014566    .013995     0.10   0.917     -.025973    .0288863
3. Personal  |   .0066649   .0141467     0.47   0.638    -.0210622     .034392
             |
       _cons |   .0949153   .0098538     9.63   0.000     .0756022    .1142283
-------------+----------------------------------------------------------------
_bt_est11_~r |
       _cons |  -2.373312    .043532   -54.52   0.000    -2.458633   -2.287991
-------------+----------------------------------------------------------------
_bt_est12_~n |
       arm_n |
1. Industry  |   .0090395   .0220892     0.41   0.682    -.0342544    .0523335
2. Academic  |  -.0148161   .0218717    -0.68   0.498    -.0576838    .0280516
3. Personal  |   .0030353   .0220266     0.14   0.890     -.040136    .0462066
             |
       _cons |   .3107345   .0155589    19.97   0.000     .2802397    .3412293
-------------+----------------------------------------------------------------
_bt_est12_~r |
       _cons |  -1.541365   .0138039  -111.66   0.000     -1.56842    -1.51431
-------------+----------------------------------------------------------------
_bt_est13_~n |
       arm_n |
1. Industry  |  -.0090395   .0177417    -0.51   0.610    -.0438126    .0257335
2. Academic  |   .0073869   .0180984     0.41   0.683    -.0280853    .0428591
3. Personal  |  -.0182525   .0175351    -1.04   0.298    -.0526207    .0161157
             |
       _cons |   .1717514     .01268    13.55   0.000      .146899    .1966038
-------------+----------------------------------------------------------------
_bt_est13_~r |
       _cons |  -1.973164   .0300217   -65.72   0.000    -2.032006   -1.914323
-------------+----------------------------------------------------------------
_bt_est14_~n |
       arm_n |
1. Industry  |  -.0101695   .0116209    -0.88   0.382    -.0329459     .012607
2. Academic  |  -.0111034   .0115897    -0.96   0.338    -.0338188     .011612
3. Personal  |  -.0068498   .0117588    -0.58   0.560    -.0298966     .016197
             |
       _cons |   .0689266   .0085168     8.09   0.000      .052234    .0856191
-------------+----------------------------------------------------------------
_bt_est14_~r |
       _cons |  -2.845339   .0610532   -46.60   0.000    -2.965001   -2.725677
------------------------------------------------------------------------------

Balance Table: group(arm_n)
-------------------------------------------------------------------------------
Variable        0        1        2        3   P-value
-------------------------------------------------------------------------------
Prior placebo: Would d~     0.223    0.199    0.207    0.213    0.662
Prior placebo: Very un~y    0.393    0.367    0.405    0.360    0.170
Prior placebo: Somewha~y    0.137    0.148    0.149    0.160    0.584
Prior placebo: Neither    0.068    0.078    0.053    0.069    0.192
Prior placebo: Somewha~y    0.122    0.123    0.124    0.131    0.943
Prior placebo: Very li~y    0.042    0.067    0.045    0.051    0.118
Prior placebo: Would d~y    0.016    0.018    0.017    0.016    0.979
Prior vacc: Would defi~t    0.020    0.031    0.028    0.030    0.433
Prior vacc: Very unlik~y    0.158    0.138    0.163    0.166    0.328
Prior vacc: Somewhat u~y    0.175    0.167    0.179    0.173    0.927
Prior vacc: Neither    0.095    0.123    0.096    0.102    0.216
Prior vacc: Somewhat l~y    0.311    0.320    0.296    0.314    0.732
Prior vacc: Very likely    0.172    0.163    0.179    0.153    0.499
Prior vacc: Would defi~y    0.069    0.059    0.058    0.062    0.776
-------------------------------------------------------------------------------
Joint test: chi2(36) =   32.862, p = 0.619
-------------------------------------------------------------------------------
N      885      885      882      886
-------------------------------------------------------------------------------
Saved: output/tables/balance_prior_beliefs.tex

. 
. balance_table `vacc_vars', ///
>     group(arm_n) saving(output/tables/balance_vacc.tex) jointtest

Simultaneous results for _bt_est1, _bt_est2, _bt_est3, _bt_est4, _bt_est5, _bt_
> est6, _bt_est7, _bt_est8, _bt_est9

                                                         Number of obs = 3,525

------------------------------------------------------------------------------
             |               Robust
             | Coefficient  std. err.      z    P>|z|     [95% conf. interval]
-------------+----------------------------------------------------------------
_bt_est1_m~n |
       arm_n |
1. Industry  |   .0109582   .0225717     0.49   0.627    -.0332815    .0551979
2. Academic  |   .0185348   .0224939     0.82   0.410    -.0255524    .0626221
3. Personal  |   .0068181   .0225613     0.30   0.762    -.0374013    .0510375
             |
       _cons |   .6553288   .0160051    40.94   0.000     .6239593    .6866983
-------------+----------------------------------------------------------------
_bt_est1_l~r |
       _cons |  -1.499769   .0117236  -127.93   0.000    -1.522747   -1.476791
-------------+----------------------------------------------------------------
_bt_est2_m~n |
       arm_n |
1. Industry  |   .0153849   .0229558     0.67   0.503    -.0296076    .0603773
2. Academic  |  -.0019841   .0230575    -0.09   0.931    -.0471761    .0432078
3. Personal  |   .0046543    .022983     0.20   0.840    -.0403916    .0497002
             |
       _cons |   .6269841   .0162862    38.50   0.000     .5950638    .6589045
-------------+----------------------------------------------------------------
_bt_est2_l~r |
       _cons |  -1.457018   .0091829  -158.67   0.000    -1.475016    -1.43902
-------------+----------------------------------------------------------------
_bt_est3_m~n |
       arm_n |
1. Industry  |   .0243725   .0232271     1.05   0.294    -.0211517    .0698968
2. Academic  |   -.039546   .0235008    -1.68   0.092    -.0856066    .0065147
3. Personal  |  -.0076828   .0233499    -0.33   0.742    -.0534478    .0380821
             |
       _cons |   .5997732   .0164996    36.35   0.000     .5674346    .6321119
-------------+----------------------------------------------------------------
_bt_est3_l~r |
       _cons |  -1.423336   .0066192  -215.03   0.000    -1.436309   -1.410363
-------------+----------------------------------------------------------------
_bt_est4_m~n |
       arm_n |
1. Industry  |   -.016977   .0294056    -0.58   0.564     -.074611     .040657
2. Academic  |   .0004504   .0296879     0.02   0.988    -.0577368    .0586376
3. Personal  |   .0223694   .0296641     0.75   0.451     -.035771    .0805099
             |
       _cons |   .4159132   .0209623    19.84   0.000     .3748278    .4569986
-------------+----------------------------------------------------------------
_bt_est4_l~r |
       _cons |  -1.413016   .0071902  -196.52   0.000    -1.427108   -1.398923
-------------+----------------------------------------------------------------
_bt_est5_m~n |
       arm_n |
1. Industry  |   .0433419   .0296486     1.46   0.144    -.0147682    .1014521
2. Academic  |    .034986   .0298131     1.17   0.241    -.0234467    .0934187
3. Personal  |   -.020545   .0294269    -0.70   0.485    -.0782206    .0371307
             |
       _cons |   .4141049    .020949    19.77   0.000     .3730455    .4551642
-------------+----------------------------------------------------------------
_bt_est5_l~r |
       _cons |  -1.407876   .0064833  -217.15   0.000    -1.420583   -1.395169
-------------+----------------------------------------------------------------
_bt_est6_m~n |
       arm_n |
1. Industry  |  -.0263649   .0217563    -1.21   0.226    -.0690064    .0162766
2. Academic  |  -.0354365   .0216097    -1.64   0.101    -.0777907    .0069178
3. Personal  |  -.0018245   .0224835    -0.08   0.935    -.0458914    .0422424
             |
       _cons |   .1699819   .0159751    10.64   0.000     .1386713    .2012926
-------------+----------------------------------------------------------------
_bt_est6_l~r |
       _cons |  -2.037574   .0405136   -50.29   0.000    -2.116979   -1.958169
-------------+----------------------------------------------------------------
_bt_est7_m~n |
       arm_n |
1. Industry  |  -.0353649   .0304102    -1.16   0.245    -.0949679    .0242381
2. Academic  |    -.05747   .0312355    -1.84   0.066    -.1186905    .0037505
3. Personal  |  -.0215046   .0307364    -0.70   0.484    -.0817469    .0387376
             |
       _cons |   .5463138   .0216487    25.24   0.000      .503883    .5887446
-------------+----------------------------------------------------------------
_bt_est7_l~r |
       _cons |  -1.387413   .0024008  -577.90   0.000    -1.392119   -1.382708
-------------+----------------------------------------------------------------
_bt_est8_m~n |
       arm_n |
1. Industry  |   .0500497   .0294011     1.70   0.089    -.0075755    .1076749
2. Academic  |    .075971   .0303762     2.50   0.012     .0164348    .1355072
3. Personal  |   .0242933   .0295454     0.82   0.411    -.0336146    .0822011
             |
       _cons |   .3459357   .0206843    16.72   0.000     .3053952    .3864763
-------------+----------------------------------------------------------------
_bt_est8_l~r |
       _cons |  -1.444037   .0107657  -134.13   0.000    -1.465138   -1.422937
-------------+----------------------------------------------------------------
_bt_est9_m~n |
       arm_n |
1. Industry  |  -.0146848   .0183264    -0.80   0.423    -.0506039    .0212343
2. Academic  |   -.018501   .0186203    -0.99   0.320     -.054996    .0179941
3. Personal  |  -.0027886   .0190033    -0.15   0.883    -.0400345    .0344572
             |
       _cons |   .1077505    .013483     7.99   0.000     .0813243    .1341767
-------------+----------------------------------------------------------------
_bt_est9_l~r |
       _cons |   -2.41696   .0586097   -41.24   0.000    -2.531833   -2.302087
------------------------------------------------------------------------------

Balance Table: group(arm_n)
-------------------------------------------------------------------------------
Variable        0        1        2        3   P-value
-------------------------------------------------------------------------------
Intent: No, do no.. ma~)    0.655    0.666    0.674    0.662    0.870
Had prior COVID vaccine    0.627    0.642    0.625    0.632    0.876
Had prior flu vaccine    0.600    0.624    0.560    0.592    0.055
COVID reaction: None/d~m    0.416    0.399    0.416    0.438    0.616
COVID reaction: Mild    0.414    0.457    0.449    0.394    0.104
COVID reaction: Severe    0.170    0.144    0.135    0.168    0.256
Flu reaction: None/don~e    0.546    0.511    0.489    0.525    0.310
Flu reaction: Mild    0.346    0.396    0.422    0.370    0.072
Flu reaction: Severe    0.108    0.093    0.089    0.105    0.703
-------------------------------------------------------------------------------
Joint test: chi2(21) =   24.280, p = 0.280
-------------------------------------------------------------------------------
N      885      885      882      886
-------------------------------------------------------------------------------
Saved: output/tables/balance_vacc.tex

. 
. balance_table `demo_vars', ///
>     group(arm_n) saving(output/tables/balance_demographics.tex) jointtest

Simultaneous results for _bt_est1, _bt_est2, _bt_est3, _bt_est4, _bt_est5, _bt_
> est6, _bt_est7, _bt_est8, _bt_est9, _bt_est10, _bt_est11, _bt_est12, _bt_est1
> 3, _bt_est14, _bt_est15, _bt_est16, _bt_est17, _bt_est18, _bt_est19, _bt_est2
> 0, _bt_est21, _bt_est22, _bt_est23, _bt_est24, _bt_est25, _bt_est26, _bt_est2
> 7, _bt_est28

                                                         Number of obs = 3,530

------------------------------------------------------------------------------
             |               Robust
             | Coefficient  std. err.      z    P>|z|     [95% conf. interval]
-------------+----------------------------------------------------------------
_bt_est1_m~n |
       arm_n |
1. Industry  |  -.0087137   .0226587    -0.38   0.701     -.053124    .0356965
2. Academic  |  -.0188999    .022614    -0.84   0.403    -.0632225    .0254227
3. Personal  |    -.02944   .0224784    -1.31   0.190    -.0734968    .0146168
             |
       _cons |   .3514739   .0160782    21.86   0.000     .3199612    .3829866
-------------+----------------------------------------------------------------
_bt_est1_l~r |
       _cons |  -1.497763    .011602  -129.10   0.000    -1.520502   -1.475023
-------------+----------------------------------------------------------------
_bt_est2_m~n |
       arm_n |
1. Industry  |  -.0144802   .0232455    -0.62   0.533    -.0600404    .0310801
2. Academic  |   .0200466   .0234481     0.85   0.393    -.0259109    .0660041
3. Personal  |  -.0115262   .0232552    -0.50   0.620    -.0571055    .0340531
             |
       _cons |   .4002268   .0164996    24.26   0.000     .3678881    .4325654
-------------+----------------------------------------------------------------
_bt_est2_l~r |
       _cons |  -1.427842   .0070161  -203.51   0.000    -1.441593    -1.41409
-------------+----------------------------------------------------------------
_bt_est3_m~n |
       arm_n |
1. Industry  |   .0074363   .0196152     0.38   0.705    -.0310088    .0458814
2. Academic  |   .0078048    .019655     0.40   0.691    -.0307183    .0463279
3. Personal  |   .0139667   .0197133     0.71   0.479    -.0246705     .052604
             |
       _cons |   .2131519   .0137917    15.46   0.000     .1861207    .2401831
-------------+----------------------------------------------------------------
_bt_est3_l~r |
       _cons |  -1.760102   .0226799   -77.61   0.000    -1.804554    -1.71565
-------------+----------------------------------------------------------------
_bt_est4_m~n |
       arm_n |
1. Industry  |   .0123665    .009344     1.32   0.186    -.0059474    .0306804
2. Academic  |  -.0089567   .0080681    -1.11   0.267    -.0247699    .0068566
3. Personal  |   .0270033   .0101005     2.67   0.008     .0072067       .0468
             |
       _cons |   .0340136   .0061043     5.57   0.000     .0220493    .0459779
-------------+----------------------------------------------------------------
_bt_est4_l~r |
       _cons |  -3.224339   .0768359   -41.96   0.000    -3.374934   -3.073743
-------------+----------------------------------------------------------------
_bt_est5_m~n |
       arm_n |
1. Industry  |   .0157422   .0236781     0.66   0.506     -.030666    .0621503
2. Academic  |   .0241091   .0236934     1.02   0.309    -.0223291    .0705474
3. Personal  |   .0054539   .0236905     0.23   0.818    -.0409786    .0518865
             |
       _cons |   .5419501   .0167789    32.30   0.000     .5090641    .5748361
-------------+----------------------------------------------------------------
_bt_est5_l~r |
       _cons |   -1.39692   .0036556  -382.13   0.000    -1.404085   -1.389755
-------------+----------------------------------------------------------------
_bt_est6_m~n |
       arm_n |
1. Industry  |   .0022471   .0042202     0.53   0.594    -.0060244    .0105185
2. Academic  |   .0011699   .0040833     0.29   0.774    -.0068331     .009173
3. Personal  |   .0056126   .0046374     1.21   0.226    -.0034765    .0147017
             |
       _cons |   .0068027   .0027681     2.46   0.014     .0013773    .0122282
-------------+----------------------------------------------------------------
_bt_est6_l~r |
       _cons |  -4.711779   .1741075   -27.06   0.000    -5.053024   -4.370535
-------------+----------------------------------------------------------------
_bt_est7_m~n |
       arm_n |
1. Industry  |  -.0139184   .0167552    -0.83   0.406    -.0467579    .0189212
2. Academic  |   .0006922   .0171308     0.04   0.968    -.0328836    .0342679
3. Personal  |   .0139868   .0173885     0.80   0.421    -.0200941    .0480677
             |
       _cons |   .1519274   .0120882    12.57   0.000      .128235    .1756199
-------------+----------------------------------------------------------------
_bt_est7_l~r |
       _cons |  -2.047701   .0325623   -62.89   0.000    -2.111522    -1.98388
-------------+----------------------------------------------------------------
_bt_est8_m~n |
       arm_n |
1. Industry  |   .0434148   .0223977     1.94   0.053    -.0004839    .0873135
2. Academic  |   .0401397   .0224126     1.79   0.073    -.0037883    .0840676
3. Personal  |   .0042408   .0220552     0.19   0.848    -.0389867    .0474683
             |
       _cons |   .3106576   .0155842    19.93   0.000      .280113    .3412022
-------------+----------------------------------------------------------------
_bt_est8_l~r |
       _cons |  -1.505869   .0120134  -125.35   0.000    -1.529415   -1.482323
-------------+----------------------------------------------------------------
_bt_est9_m~n |
       arm_n |
1. Industry  |  -.0257359   .0228727    -1.13   0.261    -.0705655    .0190937
2. Academic  |   -.003985   .0230615    -0.17   0.863    -.0491848    .0412147
3. Personal  |  -.0107236   .0229657    -0.47   0.641    -.0557356    .0342883
             |
       _cons |   .3752834    .016306    23.01   0.000     .3433242    .4072427
-------------+----------------------------------------------------------------
_bt_est9_l~r |
       _cons |  -1.461088    .009439  -154.79   0.000    -1.479588   -1.442588
-------------+----------------------------------------------------------------
_bt_est10_~n |
       arm_n |
1. Industry  |  -.0060127   .0172072    -0.35   0.727    -.0397381    .0277128
2. Academic  |  -.0345895   .0165368    -2.09   0.036     -.067001   -.0021781
3. Personal  |  -.0040975   .0172413    -0.24   0.812    -.0378898    .0296948
             |
       _cons |   .1575964   .0122704    12.84   0.000     .1335467     .181646
-------------+----------------------------------------------------------------
_bt_est10_~r |
       _cons |  -2.079734    .033598   -61.90   0.000    -2.145585   -2.013883
-------------+----------------------------------------------------------------
_bt_est11_~n |
       arm_n |
1. Industry  |   .0155242    .016807     0.92   0.356    -.0174169    .0484652
2. Academic  |    .004047   .0165614     0.24   0.807    -.0284127    .0365067
3. Personal  |  -.0175545   .0159704    -1.10   0.272    -.0488558    .0137468
             |
       _cons |    .138322   .0116264    11.90   0.000     .1155347    .1611093
-------------+----------------------------------------------------------------
_bt_est11_~r |
       _cons |  -2.124139   .0351073   -60.50   0.000    -2.192948    -2.05533
-------------+----------------------------------------------------------------
_bt_est12_~n |
       arm_n |
1. Industry  |   .0266876   .0196235     1.36   0.174    -.0117737    .0651489
2. Academic  |   .0282646    .019683     1.44   0.151    -.0103133    .0668425
3. Personal  |   .0261667   .0196038     1.33   0.182    -.0122562    .0645895
             |
       _cons |   .2040816   .0135726    15.04   0.000     .1774798    .2306835
-------------+----------------------------------------------------------------
_bt_est12_~r |
       _cons |  -1.748219   .0222213   -78.67   0.000    -1.791772   -1.704666
-------------+----------------------------------------------------------------
_bt_est13_~n |
       arm_n |
1. Industry  |  -.0185818   .0191713    -0.97   0.332    -.0561568    .0189932
2. Academic  |  -.0035847   .0194661    -0.18   0.854    -.0417376    .0345682
3. Personal  |    .011453   .0196681     0.58   0.560    -.0270956    .0500017
             |
       _cons |   .2131519   .0137917    15.46   0.000     .1861207    .2401831
-------------+----------------------------------------------------------------
_bt_est13_~r |
       _cons |   -1.79425   .0238832   -75.13   0.000    -1.841061    -1.74744
-------------+----------------------------------------------------------------
_bt_est14_~n |
       arm_n |
1. Industry  |  -.0207442   .0173798    -1.19   0.233     -.054808    .0133196
2. Academic  |  -.0140367   .0175602    -0.80   0.424     -.048454    .0203806
3. Personal  |  -.0075347   .0176644    -0.43   0.670    -.0421563    .0270869
             |
       _cons |   .1689342   .0126184    13.39   0.000     .1442027    .1936658
-------------+----------------------------------------------------------------
_bt_est14_~r |
       _cons |  -2.014613   .0314644   -64.03   0.000    -2.076282   -1.952944
-------------+----------------------------------------------------------------
_bt_est15_~n |
       arm_n |
1. Industry  |  -.0164091   .0204577    -0.80   0.422    -.0565056    .0236873
2. Academic  |  -.0102377    .020581    -0.50   0.619    -.0505757    .0301004
3. Personal  |  -.0112995     .02052    -0.55   0.582    -.0515179    .0289189
             |
       _cons |   .2528345   .0146371    17.27   0.000     .2241464    .2815226
-------------+----------------------------------------------------------------
_bt_est15_~r |
       _cons |  -1.691188    .020116   -84.07   0.000    -1.730615   -1.651761
-------------+----------------------------------------------------------------
_bt_est16_~n |
       arm_n |
1. Industry  |  -.0062358   .0205239    -0.30   0.761    -.0464619    .0339902
2. Academic  |  -.0113611   .0206293    -0.55   0.582    -.0517938    .0290716
3. Personal  |  -.0011568   .0204415    -0.06   0.955    -.0412214    .0389077
             |
       _cons |   .7562358   .0144591    52.30   0.000     .7278965    .7845751
-------------+----------------------------------------------------------------
_bt_est16_~r |
       _cons |  -1.677128   .0195785   -85.66   0.000    -1.715501   -1.638755
-------------+----------------------------------------------------------------
_bt_est17_~n |
       arm_n |
1. Industry  |   .0110301   .0160173     0.69   0.491    -.0203633    .0424234
2. Academic  |   .0233472   .0163558     1.43   0.153    -.0087095    .0554039
3. Personal  |   .0107236   .0160001     0.67   0.503    -.0206359    .0420832
             |
       _cons |   .1247166   .0111266    11.21   0.000     .1029088    .1465243
-------------+----------------------------------------------------------------
_bt_est17_~r |
       _cons |  -2.140869    .035703   -59.96   0.000    -2.210846   -2.070893
-------------+----------------------------------------------------------------
_bt_est18_~n |
       arm_n |
1. Industry  |   .0067745   .0045053     1.50   0.133    -.0020557    .0156047
2. Academic  |   .0011648   .0037583     0.31   0.757    -.0062014     .008531
3. Personal  |  -.0022829   .0031941    -0.71   0.475    -.0085433    .0039775
             |
       _cons |   .0056689   .0025284     2.24   0.025     .0007134    .0106245
-------------+----------------------------------------------------------------
_bt_est18_~r |
       _cons |  -4.957737   .1973649   -25.12   0.000    -5.344565   -4.570908
-------------+----------------------------------------------------------------
_bt_est19_~n |
       arm_n |
1. Industry  |  -.0216625   .0116395    -1.86   0.063    -.0444755    .0011504
2. Academic  |  -.0292718   .0113161    -2.59   0.010    -.0514509   -.0070928
3. Personal  |  -.0138819   .0119637    -1.16   0.246    -.0373303    .0095666
             |
       _cons |   .0748299   .0088609     8.45   0.000      .057463    .0921969
-------------+----------------------------------------------------------------
_bt_est19_~r |
       _cons |   -2.89775   .0630588   -45.95   0.000    -3.021343   -2.774157
-------------+----------------------------------------------------------------
_bt_est20_~n |
       arm_n |
1. Industry  |  -.0045351   .0022627    -2.00   0.045      -.00897   -.0001002
2. Academic  |  -.0045351   .0022627    -2.00   0.045      -.00897   -.0001002
3. Personal  |  -.0022778   .0027682    -0.82   0.411    -.0077033    .0031477
             |
       _cons |   .0045351   .0022627     2.00   0.045     .0001002      .00897
-------------+----------------------------------------------------------------
_bt_est20_~r |
       _cons |  -6.379943   .4059569   -15.72   0.000    -7.175604   -5.584282
-------------+----------------------------------------------------------------
_bt_est21_~n |
       arm_n |
1. Industry  |   .0145238   .0134629     1.08   0.281    -.0118631    .0409106
2. Academic  |     .01859   .0136253     1.36   0.172    -.0081151    .0452951
3. Personal  |   .0109233   .0133313     0.82   0.413    -.0152056    .0370521
             |
       _cons |   .0804989   .0091622     8.79   0.000     .0625413    .0984564
-------------+----------------------------------------------------------------
_bt_est21_~r |
       _cons |  -2.486803    .047625   -52.22   0.000    -2.580146   -2.393459
-------------+----------------------------------------------------------------
_bt_est22_~n |
       arm_n |
1. Industry  |   .0280933   .0140582     2.00   0.046     .0005397    .0556469
2. Academic  |   .0003771   .0131508     0.03   0.977    -.0253981    .0261523
3. Personal  |   .0154277   .0136408     1.13   0.258    -.0113078    .0421632
             |
       _cons |   .0827664   .0092789     8.92   0.000     .0645802    .1009527
-------------+----------------------------------------------------------------
_bt_est22_~r |
       _cons |  -2.465867   .0468092   -52.68   0.000    -2.557611   -2.374123
-------------+----------------------------------------------------------------
_bt_est23_~n |
       arm_n |
1. Industry  |  -.0015186   .0178982    -0.08   0.932    -.0365983    .0335612
2. Academic  |   .0201421   .0183631     1.10   0.273    -.0158488    .0561331
3. Personal  |   .0003557    .017927     0.02   0.984    -.0347806    .0354921
             |
       _cons |   .1712018   .0126854    13.50   0.000     .1463388    .1960648
-------------+----------------------------------------------------------------
_bt_est23_~r |
       _cons |  -1.930624   .0286192   -67.46   0.000    -1.986716   -1.874531
-------------+----------------------------------------------------------------
_bt_est24_~n |
       arm_n |
1. Industry  |  -.0025497     .01578    -0.16   0.872     -.033478    .0283785
2. Academic  |  -.0153668   .0154498    -0.99   0.320    -.0456478    .0149142
3. Personal  |  -.0028306   .0157636    -0.18   0.857    -.0337268    .0280655
             |
       _cons |   .1269841   .0112128    11.32   0.000     .1050075    .1489608
-------------+----------------------------------------------------------------
_bt_est24_~r |
       _cons |  -2.234363   .0388762   -57.47   0.000    -2.310559   -2.158167
-------------+----------------------------------------------------------------
_bt_est25_~n |
       arm_n |
1. Industry  |  -.0254204   .0198084    -1.28   0.199    -.0642441    .0134032
2. Academic  |   .0056302   .0203235     0.28   0.782    -.0342032    .0454636
3. Personal  |   -.003322   .0201456    -0.16   0.869    -.0428067    .0361626
             |
       _cons |   .2358277   .0142962    16.50   0.000     .2078077    .2638477
-------------+----------------------------------------------------------------
_bt_est25_~r |
       _cons |  -1.730605   .0215752   -80.21   0.000    -1.772891   -1.688318
-------------+----------------------------------------------------------------
_bt_est26_~n |
       arm_n |
1. Industry  |   .0088035    .015082     0.58   0.559    -.0207566    .0383636
2. Academic  |   .0039127    .014966     0.26   0.794      -.02542    .0332455
3. Personal  |   .0017659   .0148684     0.12   0.905    -.0273756    .0309074
             |
       _cons |   .1088435   .0104883    10.38   0.000     .0882868    .1294002
-------------+----------------------------------------------------------------
_bt_est26_~r |
       _cons |  -2.303399   .0412469   -55.84   0.000    -2.384241   -2.222557
-------------+----------------------------------------------------------------
_bt_est27_~n |
       arm_n |
1. Industry  |  -.0049533   .0185539    -0.27   0.789    -.0413183    .0314118
2. Academic  |  -.0207775   .0182687    -1.14   0.255    -.0565835    .0150286
3. Personal  |  -.0064982   .0185138    -0.35   0.726    -.0427846    .0297882
             |
       _cons |   .1893424   .0131938    14.35   0.000      .163483    .2152018
-------------+----------------------------------------------------------------
_bt_est27_~r |
       _cons |  -1.906893   .0278146   -68.56   0.000    -1.961409   -1.852378
-------------+----------------------------------------------------------------
_bt_est28_~n |
       arm_n |
1. Industry  |   -.008093    .012385    -0.65   0.513    -.0323672    .0161813
2. Academic  |   .0037681   .0128598     0.29   0.770    -.0214366    .0289728
3. Personal  |  -.0093774   .0123277    -0.76   0.447    -.0335394    .0147845
             |
       _cons |   .0770975   .0089831     8.58   0.000      .059491     .094704
-------------+----------------------------------------------------------------
_bt_est28_~r |
       _cons |  -2.684188   .0548696   -48.92   0.000     -2.79173   -2.576645
------------------------------------------------------------------------------

Balance Table: group(arm_n)
-------------------------------------------------------------------------------
Variable        0        1        2        3   P-value
-------------------------------------------------------------------------------
Age 18--34    0.351    0.343    0.333    0.322    0.588
Age 35--49    0.400    0.386    0.420    0.389    0.444
Age 50--64    0.213    0.221    0.221    0.227    0.918
Age 65+    0.034    0.046    0.025    0.061    0.001
Female    0.542    0.558    0.566    0.547    0.745
Gender: Other    0.007    0.009    0.008    0.012    0.674
Education: HS or less    0.152    0.138    0.153    0.166    0.442
Education: Some college    0.311    0.354    0.351    0.315    0.097
Education: 4-year degree    0.375    0.350    0.371    0.365    0.688
Education: Graduate de~e    0.158    0.152    0.123    0.153    0.123
Income: Under $25k    0.138    0.154    0.142    0.121    0.230
Income: $25--50k    0.204    0.231    0.232    0.230    0.405
Income: $50--75k    0.213    0.195    0.210    0.225    0.479
Income: $75--100k    0.169    0.148    0.155    0.161    0.668
Income: Over $100k    0.253    0.236    0.243    0.242    0.880
White    0.756    0.750    0.745    0.755    0.944
Black    0.125    0.136    0.148    0.135    0.565
Asian    0.006    0.012    0.007    0.003    0.184
American Indian/Alaska~e    0.075    0.053    0.046    0.061    0.066
Race: Other    0.005    0.000    0.000    0.002    0.050
Hispanic    0.080    0.095    0.099    0.091    0.547
Very liberal    0.083    0.111    0.083    0.098    0.142
Liberal    0.171    0.170    0.191    0.172    0.605
Slightly liberal    0.127    0.124    0.112    0.124    0.746
Moderate    0.236    0.210    0.241    0.233    0.413
Slightly conservative    0.109    0.118    0.113    0.111    0.945
Conservative    0.189    0.184    0.169    0.183    0.693
Very conservative    0.077    0.069    0.081    0.068    0.672
-------------------------------------------------------------------------------
Joint test: chi2(83) =   94.540, p = 0.182
-------------------------------------------------------------------------------
N      885      885      882      886
-------------------------------------------------------------------------------
Saved: output/tables/balance_demographics.tex

. 
. balance_table `trust_vars', ///
>     group(arm_n) saving(output/tables/balance_trust.tex) jointtest

Simultaneous results for _bt_est1, _bt_est2, _bt_est3, _bt_est4, _bt_est5

                                                         Number of obs = 3,525

------------------------------------------------------------------------------
             |               Robust
             | Coefficient  std. err.      z    P>|z|     [95% conf. interval]
-------------+----------------------------------------------------------------
_bt_est1_m~n |
       arm_n |
1. Industry  |    .009654   .0157065     0.61   0.539    -.0211303    .0404382
2. Academic  |   .0025433   .0155031     0.16   0.870    -.0278422    .0329288
3. Personal  |    .008636    .015647     0.55   0.581    -.0220316    .0393036
             |
       _cons |   .1190476    .010906    10.92   0.000     .0976723    .1404229
-------------+----------------------------------------------------------------
_bt_est1_l~r |
       _cons |  -2.217113   .0383288   -57.84   0.000    -2.292236    -2.14199
-------------+----------------------------------------------------------------
_bt_est2_m~n |
       arm_n |
1. Industry  |   .0121953   .0184333     0.66   0.508    -.0239333    .0483239
2. Academic  |    .012902    .018436     0.70   0.484     -.023232     .049036
3. Personal  |  -.0243284   .0176416    -1.38   0.168    -.0589052    .0102485
             |
       _cons |   .1768707   .0128496    13.76   0.000      .151686    .2020555
-------------+----------------------------------------------------------------
_bt_est2_l~r |
       _cons |  -1.926735   .0284604   -67.70   0.000    -1.982517   -1.870954
-------------+----------------------------------------------------------------
_bt_est3_m~n |
       arm_n |
1. Industry  |  -.0023528   .0201376    -0.12   0.907    -.0418218    .0371162
2. Academic  |   .0016672   .0201867     0.08   0.934    -.0378979    .0412323
3. Personal  |   .0387563   .0206637     1.88   0.061    -.0017439    .0792565
             |
       _cons |   .2335601   .0142484    16.39   0.000     .2056338    .2614864
-------------+----------------------------------------------------------------
_bt_est3_l~r |
       _cons |  -1.693179   .0201681   -83.95   0.000    -1.732708    -1.65365
-------------+----------------------------------------------------------------
_bt_est4_m~n |
       arm_n |
1. Industry  |  -.0131741   .0227647    -0.58   0.563    -.0577921    .0314439
2. Academic  |  -.0139585   .0227458    -0.61   0.539    -.0585393    .0306224
3. Personal  |  -.0091241   .0227507    -0.40   0.688    -.0537147    .0354665
             |
       _cons |   .3582766   .0161477    22.19   0.000     .3266277    .3899255
-------------+----------------------------------------------------------------
_bt_est4_l~r |
       _cons |  -1.480637   .0106496  -139.03   0.000     -1.50151   -1.459764
-------------+----------------------------------------------------------------
_bt_est5_m~n |
       arm_n |
1. Industry  |  -.0063223   .0148628    -0.43   0.671    -.0354529    .0228082
2. Academic  |   -.003154   .0149494    -0.21   0.833    -.0324542    .0261463
3. Personal  |  -.0139398   .0146013    -0.95   0.340    -.0425578    .0146782
             |
       _cons |   .1122449   .0106306    10.56   0.000     .0914093    .1330805
-------------+----------------------------------------------------------------
_bt_est5_l~r |
       _cons |  -2.352335   .0429531   -54.77   0.000    -2.436521   -2.268148
------------------------------------------------------------------------------

Balance Table: group(arm_n)
-------------------------------------------------------------------------------
Variable        0        1        2        3   P-value
-------------------------------------------------------------------------------
Trust govt: Strongly d~e    0.119    0.129    0.122    0.128    0.911
Trust govt: Somewhat d~e    0.177    0.189    0.190    0.153    0.120
Trust govt: Neither    0.234    0.231    0.235    0.272    0.155
Trust govt: Somewhat a~e    0.358    0.345    0.344    0.349    0.925
Trust govt: Strongly a~e    0.112    0.106    0.109    0.098    0.796
-------------------------------------------------------------------------------
Joint test: chi2(12) =   10.455, p = 0.576
-------------------------------------------------------------------------------
N      885      885      882      886
-------------------------------------------------------------------------------
Saved: output/tables/balance_trust.tex

. 
. balance_table `health_vars', ///
>     group(arm_n) saving(output/tables/balance_health.tex) jointtest

Simultaneous results for _bt_est1, _bt_est2, _bt_est3, _bt_est4, _bt_est5, _bt_
> est6, _bt_est7

                                                         Number of obs = 3,525

------------------------------------------------------------------------------
             |               Robust
             | Coefficient  std. err.      z    P>|z|     [95% conf. interval]
-------------+----------------------------------------------------------------
_bt_est1_m~n |
       arm_n |
1. Industry  |  -.0486056   .0187922    -2.59   0.010    -.0854377   -.0117736
2. Academic  |   .0007524   .0178393     0.04   0.966    -.0342121    .0357169
3. Personal  |  -.0129867   .0180952    -0.72   0.473    -.0484526    .0224793
             |
       _cons |   .8310658   .0126184    65.86   0.000     .8063342    .8557973
-------------+----------------------------------------------------------------
_bt_est1_l~r |
       _cons |  -1.897217   .0274158   -69.20   0.000    -1.950951   -1.843483
-------------+----------------------------------------------------------------
_bt_est2_m~n |
       arm_n |
1. Industry  |   .0175905   .0154844     1.14   0.256    -.0127584    .0479393
2. Academic  |  -.0190657   .0143877    -1.33   0.185    -.0472651    .0091338
3. Personal  |   .0041431   .0150753     0.27   0.783    -.0254039    .0336902
             |
       _cons |   .1111111   .0105835    10.50   0.000     .0903678    .1318544
-------------+----------------------------------------------------------------
_bt_est2_l~r |
       _cons |  -2.310408   .0414147   -55.79   0.000     -2.39158   -2.229237
-------------+----------------------------------------------------------------
_bt_est3_m~n |
       arm_n |
1. Industry  |   .0000362   .0042356     0.01   0.993    -.0082654    .0083377
2. Academic  |   .0011544   .0043782     0.26   0.792    -.0074268    .0097356
3. Personal  |   .0067528   .0050287     1.34   0.179    -.0031034    .0166089
             |
       _cons |   .0079365   .0029882     2.66   0.008     .0020797    .0137933
-------------+----------------------------------------------------------------
_bt_est3_l~r |
       _cons |  -4.621926    .166209   -27.81   0.000    -4.947689   -4.296162
-------------+----------------------------------------------------------------
_bt_est4_m~n |
       arm_n |
1. Industry  |     .02398    .007512     3.19   0.001     .0092566    .0387033
2. Academic  |   .0091218   .0063613     1.43   0.152    -.0033462    .0215898
3. Personal  |   .0056036   .0060427     0.93   0.354    -.0062399    .0174471
             |
       _cons |   .0136054   .0039013     3.49   0.000      .005959    .0212518
-------------+----------------------------------------------------------------
_bt_est4_l~r |
       _cons |  -3.786785    .106088   -35.69   0.000    -3.994714   -3.578856
-------------+----------------------------------------------------------------
_bt_est5_m~n |
       arm_n |
1. Industry  |   .0184144   .0104976     1.75   0.079    -.0021607    .0389894
2. Academic  |   .0137317   .0102639     1.34   0.181    -.0063853    .0338487
3. Personal  |   .0032476   .0097137     0.33   0.738    -.0157909    .0222862
             |
       _cons |   .0419501   .0067513     6.21   0.000     .0287178    .0551824
-------------+----------------------------------------------------------------
_bt_est5_l~r |
       _cons |  -3.032396   .0687861   -44.08   0.000    -3.167214   -2.897578
-------------+----------------------------------------------------------------
_bt_est6_m~n |
       arm_n |
1. Industry  |   .0102867   .0054141     1.90   0.057    -.0003247    .0208981
2. Academic  |    .000018   .0042308     0.00   0.997    -.0082741    .0083102
3. Personal  |    .002233   .0045063     0.50   0.620    -.0065992    .0110652
             |
       _cons |   .0079365   .0029882     2.66   0.008     .0020797    .0137933
-------------+----------------------------------------------------------------
_bt_est6_l~r |
       _cons |  -4.515695   .1570537   -28.75   0.000    -4.823514   -4.207875
-------------+----------------------------------------------------------------
_bt_est7_m~n |
       arm_n |
1. Industry  |  -.0033962    .002533    -1.34   0.180    -.0083608    .0015684
2. Academic  |   .0011467   .0033973     0.34   0.736     -.005512    .0078053
3. Personal  |  -.0000154   .0031946    -0.00   0.996    -.0062767    .0062459
             |
       _cons |   .0045351   .0022627     2.00   0.045     .0001002      .00897
-------------+----------------------------------------------------------------
_bt_est7_l~r |
       _cons |  -5.532152   .2652094   -20.86   0.000    -6.051953   -5.012351
------------------------------------------------------------------------------

Balance Table: group(arm_n)
-------------------------------------------------------------------------------
Variable        0        1        2        3   P-value
-------------------------------------------------------------------------------
No health conditions    0.831    0.782    0.832    0.818    0.033
Has asthma    0.111    0.129    0.092    0.115    0.095
Has lung disease    0.008    0.008    0.009    0.015    0.536
Has heart disease    0.014    0.038    0.023    0.019    0.015
Has diabetes    0.042    0.060    0.056    0.045    0.252
Has kidney disease    0.008    0.018    0.008    0.010    0.235
Health conditions: rat~a    0.005    0.001    0.006    0.005    0.206
-------------------------------------------------------------------------------
Joint test: chi2(21) =   32.024, p = 0.058
-------------------------------------------------------------------------------
N      885      885      882      886
-------------------------------------------------------------------------------
Saved: output/tables/balance_health.tex

. 
. /*---------------------------------------------------------------------------
> ---
>     3. Omnibus tests (combining all domains)
> -----------------------------------------------------------------------------
> -*/
. 
. * All domains
. local all_vars "`prior_vars' `vacc_vars' `demo_vars' `trust_vars' `health_var
> s'"

. local nvars: word count `all_vars'

. 
. local i = 1

. local est_names ""

. foreach var of local all_vars {
  2.     quietly regress `var' i.arm_n
  3.     estimates store omni`i'
  4.     local est_names "`est_names' omni`i'"
  5.     local ++i
  6. }

. 
. quietly suest `est_names', vce(robust)

. 
. local test_terms ""

. forvalues j = 1/`nvars' {
  2.     local test_terms "`test_terms' [omni`j'_mean]1.arm_n [omni`j'_mean]2.a
> rm_n [omni`j'_mean]3.arm_n"
  3. }

. 
. test `test_terms'

 ( 1)  [omni1_mean]1.arm_n = 0
 ( 2)  [omni1_mean]2.arm_n = 0
 ( 3)  [omni1_mean]3.arm_n = 0
 ( 4)  [omni2_mean]1.arm_n = 0
 ( 5)  [omni2_mean]2.arm_n = 0
 ( 6)  [omni2_mean]3.arm_n = 0
 ( 7)  [omni3_mean]1.arm_n = 0
 ( 8)  [omni3_mean]2.arm_n = 0
 ( 9)  [omni3_mean]3.arm_n = 0
 (10)  [omni4_mean]1.arm_n = 0
 (11)  [omni4_mean]2.arm_n = 0
 (12)  [omni4_mean]3.arm_n = 0
 (13)  [omni5_mean]1.arm_n = 0
 (14)  [omni5_mean]2.arm_n = 0
 (15)  [omni5_mean]3.arm_n = 0
 (16)  [omni6_mean]1.arm_n = 0
 (17)  [omni6_mean]2.arm_n = 0
 (18)  [omni6_mean]3.arm_n = 0
 (19)  [omni7_mean]1.arm_n = 0
 (20)  [omni7_mean]2.arm_n = 0
 (21)  [omni7_mean]3.arm_n = 0
 (22)  [omni8_mean]1.arm_n = 0
 (23)  [omni8_mean]2.arm_n = 0
 (24)  [omni8_mean]3.arm_n = 0
 (25)  [omni9_mean]1.arm_n = 0
 (26)  [omni9_mean]2.arm_n = 0
 (27)  [omni9_mean]3.arm_n = 0
 (28)  [omni10_mean]1.arm_n = 0
 (29)  [omni10_mean]2.arm_n = 0
 (30)  [omni10_mean]3.arm_n = 0
 (31)  [omni11_mean]1.arm_n = 0
 (32)  [omni11_mean]2.arm_n = 0
 (33)  [omni11_mean]3.arm_n = 0
 (34)  [omni12_mean]1.arm_n = 0
 (35)  [omni12_mean]2.arm_n = 0
 (36)  [omni12_mean]3.arm_n = 0
 (37)  [omni13_mean]1.arm_n = 0
 (38)  [omni13_mean]2.arm_n = 0
 (39)  [omni13_mean]3.arm_n = 0
 (40)  [omni14_mean]1.arm_n = 0
 (41)  [omni14_mean]2.arm_n = 0
 (42)  [omni14_mean]3.arm_n = 0
 (43)  [omni15_mean]1.arm_n = 0
 (44)  [omni15_mean]2.arm_n = 0
 (45)  [omni15_mean]3.arm_n = 0
 (46)  [omni16_mean]1.arm_n = 0
 (47)  [omni16_mean]2.arm_n = 0
 (48)  [omni16_mean]3.arm_n = 0
 (49)  [omni17_mean]1.arm_n = 0
 (50)  [omni17_mean]2.arm_n = 0
 (51)  [omni17_mean]3.arm_n = 0
 (52)  [omni18_mean]1.arm_n = 0
 (53)  [omni18_mean]2.arm_n = 0
 (54)  [omni18_mean]3.arm_n = 0
 (55)  [omni19_mean]1.arm_n = 0
 (56)  [omni19_mean]2.arm_n = 0
 (57)  [omni19_mean]3.arm_n = 0
 (58)  [omni20_mean]1.arm_n = 0
 (59)  [omni20_mean]2.arm_n = 0
 (60)  [omni20_mean]3.arm_n = 0
 (61)  [omni21_mean]1.arm_n = 0
 (62)  [omni21_mean]2.arm_n = 0
 (63)  [omni21_mean]3.arm_n = 0
 (64)  [omni22_mean]1.arm_n = 0
 (65)  [omni22_mean]2.arm_n = 0
 (66)  [omni22_mean]3.arm_n = 0
 (67)  [omni23_mean]1.arm_n = 0
 (68)  [omni23_mean]2.arm_n = 0
 (69)  [omni23_mean]3.arm_n = 0
 (70)  [omni24_mean]1.arm_n = 0
 (71)  [omni24_mean]2.arm_n = 0
 (72)  [omni24_mean]3.arm_n = 0
 (73)  [omni25_mean]1.arm_n = 0
 (74)  [omni25_mean]2.arm_n = 0
 (75)  [omni25_mean]3.arm_n = 0
 (76)  [omni26_mean]1.arm_n = 0
 (77)  [omni26_mean]2.arm_n = 0
 (78)  [omni26_mean]3.arm_n = 0
 (79)  [omni27_mean]1.arm_n = 0
 (80)  [omni27_mean]2.arm_n = 0
 (81)  [omni27_mean]3.arm_n = 0
 (82)  [omni28_mean]1.arm_n = 0
 (83)  [omni28_mean]2.arm_n = 0
 (84)  [omni28_mean]3.arm_n = 0
 (85)  [omni29_mean]1.arm_n = 0
 (86)  [omni29_mean]2.arm_n = 0
 (87)  [omni29_mean]3.arm_n = 0
 (88)  [omni30_mean]1.arm_n = 0
 (89)  [omni30_mean]2.arm_n = 0
 (90)  [omni30_mean]3.arm_n = 0
 (91)  [omni31_mean]1.arm_n = 0
 (92)  [omni31_mean]2.arm_n = 0
 (93)  [omni31_mean]3.arm_n = 0
 (94)  [omni32_mean]1.arm_n = 0
 (95)  [omni32_mean]2.arm_n = 0
 (96)  [omni32_mean]3.arm_n = 0
 (97)  [omni33_mean]1.arm_n = 0
 (98)  [omni33_mean]2.arm_n = 0
 (99)  [omni33_mean]3.arm_n = 0
 (100)  [omni34_mean]1.arm_n = 0
 (101)  [omni34_mean]2.arm_n = 0
 (102)  [omni34_mean]3.arm_n = 0
 (103)  [omni35_mean]1.arm_n = 0
 (104)  [omni35_mean]2.arm_n = 0
 (105)  [omni35_mean]3.arm_n = 0
 (106)  [omni36_mean]1.arm_n = 0
 (107)  [omni36_mean]2.arm_n = 0
 (108)  [omni36_mean]3.arm_n = 0
 (109)  [omni37_mean]1.arm_n = 0
 (110)  [omni37_mean]2.arm_n = 0
 (111)  [omni37_mean]3.arm_n = 0
 (112)  [omni38_mean]1.arm_n = 0
 (113)  [omni38_mean]2.arm_n = 0
 (114)  [omni38_mean]3.arm_n = 0
 (115)  [omni39_mean]1.arm_n = 0
 (116)  [omni39_mean]2.arm_n = 0
 (117)  [omni39_mean]3.arm_n = 0
 (118)  [omni40_mean]1.arm_n = 0
 (119)  [omni40_mean]2.arm_n = 0
 (120)  [omni40_mean]3.arm_n = 0
 (121)  [omni41_mean]1.arm_n = 0
 (122)  [omni41_mean]2.arm_n = 0
 (123)  [omni41_mean]3.arm_n = 0
 (124)  [omni42_mean]1.arm_n = 0
 (125)  [omni42_mean]2.arm_n = 0
 (126)  [omni42_mean]3.arm_n = 0
 (127)  [omni43_mean]1.arm_n = 0
 (128)  [omni43_mean]2.arm_n = 0
 (129)  [omni43_mean]3.arm_n = 0
 (130)  [omni44_mean]1.arm_n = 0
 (131)  [omni44_mean]2.arm_n = 0
 (132)  [omni44_mean]3.arm_n = 0
 (133)  [omni45_mean]1.arm_n = 0
 (134)  [omni45_mean]2.arm_n = 0
 (135)  [omni45_mean]3.arm_n = 0
 (136)  [omni46_mean]1.arm_n = 0
 (137)  [omni46_mean]2.arm_n = 0
 (138)  [omni46_mean]3.arm_n = 0
 (139)  [omni47_mean]1.arm_n = 0
 (140)  [omni47_mean]2.arm_n = 0
 (141)  [omni47_mean]3.arm_n = 0
 (142)  [omni48_mean]1.arm_n = 0
 (143)  [omni48_mean]2.arm_n = 0
 (144)  [omni48_mean]3.arm_n = 0
 (145)  [omni49_mean]1.arm_n = 0
 (146)  [omni49_mean]2.arm_n = 0
 (147)  [omni49_mean]3.arm_n = 0
 (148)  [omni50_mean]1.arm_n = 0
 (149)  [omni50_mean]2.arm_n = 0
 (150)  [omni50_mean]3.arm_n = 0
 (151)  [omni51_mean]1.arm_n = 0
 (152)  [omni51_mean]2.arm_n = 0
 (153)  [omni51_mean]3.arm_n = 0
 (154)  [omni52_mean]1.arm_n = 0
 (155)  [omni52_mean]2.arm_n = 0
 (156)  [omni52_mean]3.arm_n = 0
 (157)  [omni53_mean]1.arm_n = 0
 (158)  [omni53_mean]2.arm_n = 0
 (159)  [omni53_mean]3.arm_n = 0
 (160)  [omni54_mean]1.arm_n = 0
 (161)  [omni54_mean]2.arm_n = 0
 (162)  [omni54_mean]3.arm_n = 0
 (163)  [omni55_mean]1.arm_n = 0
 (164)  [omni55_mean]2.arm_n = 0
 (165)  [omni55_mean]3.arm_n = 0
 (166)  [omni56_mean]1.arm_n = 0
 (167)  [omni56_mean]2.arm_n = 0
 (168)  [omni56_mean]3.arm_n = 0
 (169)  [omni57_mean]1.arm_n = 0
 (170)  [omni57_mean]2.arm_n = 0
 (171)  [omni57_mean]3.arm_n = 0
 (172)  [omni58_mean]1.arm_n = 0
 (173)  [omni58_mean]2.arm_n = 0
 (174)  [omni58_mean]3.arm_n = 0
 (175)  [omni59_mean]1.arm_n = 0
 (176)  [omni59_mean]2.arm_n = 0
 (177)  [omni59_mean]3.arm_n = 0
 (178)  [omni60_mean]1.arm_n = 0
 (179)  [omni60_mean]2.arm_n = 0
 (180)  [omni60_mean]3.arm_n = 0
 (181)  [omni61_mean]1.arm_n = 0
 (182)  [omni61_mean]2.arm_n = 0
 (183)  [omni61_mean]3.arm_n = 0
 (184)  [omni62_mean]1.arm_n = 0
 (185)  [omni62_mean]2.arm_n = 0
 (186)  [omni62_mean]3.arm_n = 0
 (187)  [omni63_mean]1.arm_n = 0
 (188)  [omni63_mean]2.arm_n = 0
 (189)  [omni63_mean]3.arm_n = 0
       Constraint 18 dropped
       Constraint 19 dropped
       Constraint 20 dropped
       Constraint 22 dropped
       Constraint 23 dropped
       Constraint 24 dropped
       Constraint 58 dropped
       Constraint 59 dropped
       Constraint 60 dropped
       Constraint 65 dropped
       Constraint 67 dropped
       Constraint 69 dropped
       Constraint 128 dropped
       Constraint 154 dropped
       Constraint 155 dropped
       Constraint 159 dropped

           chi2(173) =  204.71
         Prob > chi2 =    0.0499

. local omni_chi2 = r(chi2)

. local omni_df = r(df)

. local omni_p = r(p)

. 
. forvalues j = 1/`nvars' {
  2.     capture estimates drop omni`j'
  3. }

. 
. * Excluding demographics
. local nodemo_vars "`prior_vars' `vacc_vars' `trust_vars' `health_vars'"

. local nvars_nodemo: word count `nodemo_vars'

. 
. local i = 1

. local est_names ""

. foreach var of local nodemo_vars {
  2.     quietly regress `var' i.arm_n
  3.     estimates store omni_nd`i'
  4.     local est_names "`est_names' omni_nd`i'"
  5.     local ++i
  6. }

. 
. quietly suest `est_names', vce(robust)

. 
. local test_terms ""

. forvalues j = 1/`nvars_nodemo' {
  2.     local test_terms "`test_terms' [omni_nd`j'_mean]1.arm_n [omni_nd`j'_me
> an]2.arm_n [omni_nd`j'_mean]3.arm_n"
  3. }

. 
. test `test_terms'

 ( 1)  [omni_nd1_mean]1.arm_n = 0
 ( 2)  [omni_nd1_mean]2.arm_n = 0
 ( 3)  [omni_nd1_mean]3.arm_n = 0
 ( 4)  [omni_nd2_mean]1.arm_n = 0
 ( 5)  [omni_nd2_mean]2.arm_n = 0
 ( 6)  [omni_nd2_mean]3.arm_n = 0
 ( 7)  [omni_nd3_mean]1.arm_n = 0
 ( 8)  [omni_nd3_mean]2.arm_n = 0
 ( 9)  [omni_nd3_mean]3.arm_n = 0
 (10)  [omni_nd4_mean]1.arm_n = 0
 (11)  [omni_nd4_mean]2.arm_n = 0
 (12)  [omni_nd4_mean]3.arm_n = 0
 (13)  [omni_nd5_mean]1.arm_n = 0
 (14)  [omni_nd5_mean]2.arm_n = 0
 (15)  [omni_nd5_mean]3.arm_n = 0
 (16)  [omni_nd6_mean]1.arm_n = 0
 (17)  [omni_nd6_mean]2.arm_n = 0
 (18)  [omni_nd6_mean]3.arm_n = 0
 (19)  [omni_nd7_mean]1.arm_n = 0
 (20)  [omni_nd7_mean]2.arm_n = 0
 (21)  [omni_nd7_mean]3.arm_n = 0
 (22)  [omni_nd8_mean]1.arm_n = 0
 (23)  [omni_nd8_mean]2.arm_n = 0
 (24)  [omni_nd8_mean]3.arm_n = 0
 (25)  [omni_nd9_mean]1.arm_n = 0
 (26)  [omni_nd9_mean]2.arm_n = 0
 (27)  [omni_nd9_mean]3.arm_n = 0
 (28)  [omni_nd10_mean]1.arm_n = 0
 (29)  [omni_nd10_mean]2.arm_n = 0
 (30)  [omni_nd10_mean]3.arm_n = 0
 (31)  [omni_nd11_mean]1.arm_n = 0
 (32)  [omni_nd11_mean]2.arm_n = 0
 (33)  [omni_nd11_mean]3.arm_n = 0
 (34)  [omni_nd12_mean]1.arm_n = 0
 (35)  [omni_nd12_mean]2.arm_n = 0
 (36)  [omni_nd12_mean]3.arm_n = 0
 (37)  [omni_nd13_mean]1.arm_n = 0
 (38)  [omni_nd13_mean]2.arm_n = 0
 (39)  [omni_nd13_mean]3.arm_n = 0
 (40)  [omni_nd14_mean]1.arm_n = 0
 (41)  [omni_nd14_mean]2.arm_n = 0
 (42)  [omni_nd14_mean]3.arm_n = 0
 (43)  [omni_nd15_mean]1.arm_n = 0
 (44)  [omni_nd15_mean]2.arm_n = 0
 (45)  [omni_nd15_mean]3.arm_n = 0
 (46)  [omni_nd16_mean]1.arm_n = 0
 (47)  [omni_nd16_mean]2.arm_n = 0
 (48)  [omni_nd16_mean]3.arm_n = 0
 (49)  [omni_nd17_mean]1.arm_n = 0
 (50)  [omni_nd17_mean]2.arm_n = 0
 (51)  [omni_nd17_mean]3.arm_n = 0
 (52)  [omni_nd18_mean]1.arm_n = 0
 (53)  [omni_nd18_mean]2.arm_n = 0
 (54)  [omni_nd18_mean]3.arm_n = 0
 (55)  [omni_nd19_mean]1.arm_n = 0
 (56)  [omni_nd19_mean]2.arm_n = 0
 (57)  [omni_nd19_mean]3.arm_n = 0
 (58)  [omni_nd20_mean]1.arm_n = 0
 (59)  [omni_nd20_mean]2.arm_n = 0
 (60)  [omni_nd20_mean]3.arm_n = 0
 (61)  [omni_nd21_mean]1.arm_n = 0
 (62)  [omni_nd21_mean]2.arm_n = 0
 (63)  [omni_nd21_mean]3.arm_n = 0
 (64)  [omni_nd22_mean]1.arm_n = 0
 (65)  [omni_nd22_mean]2.arm_n = 0
 (66)  [omni_nd22_mean]3.arm_n = 0
 (67)  [omni_nd23_mean]1.arm_n = 0
 (68)  [omni_nd23_mean]2.arm_n = 0
 (69)  [omni_nd23_mean]3.arm_n = 0
 (70)  [omni_nd24_mean]1.arm_n = 0
 (71)  [omni_nd24_mean]2.arm_n = 0
 (72)  [omni_nd24_mean]3.arm_n = 0
 (73)  [omni_nd25_mean]1.arm_n = 0
 (74)  [omni_nd25_mean]2.arm_n = 0
 (75)  [omni_nd25_mean]3.arm_n = 0
 (76)  [omni_nd26_mean]1.arm_n = 0
 (77)  [omni_nd26_mean]2.arm_n = 0
 (78)  [omni_nd26_mean]3.arm_n = 0
 (79)  [omni_nd27_mean]1.arm_n = 0
 (80)  [omni_nd27_mean]2.arm_n = 0
 (81)  [omni_nd27_mean]3.arm_n = 0
 (82)  [omni_nd28_mean]1.arm_n = 0
 (83)  [omni_nd28_mean]2.arm_n = 0
 (84)  [omni_nd28_mean]3.arm_n = 0
 (85)  [omni_nd29_mean]1.arm_n = 0
 (86)  [omni_nd29_mean]2.arm_n = 0
 (87)  [omni_nd29_mean]3.arm_n = 0
 (88)  [omni_nd30_mean]1.arm_n = 0
 (89)  [omni_nd30_mean]2.arm_n = 0
 (90)  [omni_nd30_mean]3.arm_n = 0
 (91)  [omni_nd31_mean]1.arm_n = 0
 (92)  [omni_nd31_mean]2.arm_n = 0
 (93)  [omni_nd31_mean]3.arm_n = 0
 (94)  [omni_nd32_mean]1.arm_n = 0
 (95)  [omni_nd32_mean]2.arm_n = 0
 (96)  [omni_nd32_mean]3.arm_n = 0
 (97)  [omni_nd33_mean]1.arm_n = 0
 (98)  [omni_nd33_mean]2.arm_n = 0
 (99)  [omni_nd33_mean]3.arm_n = 0
 (100)  [omni_nd34_mean]1.arm_n = 0
 (101)  [omni_nd34_mean]2.arm_n = 0
 (102)  [omni_nd34_mean]3.arm_n = 0
 (103)  [omni_nd35_mean]1.arm_n = 0
 (104)  [omni_nd35_mean]2.arm_n = 0
 (105)  [omni_nd35_mean]3.arm_n = 0
       Constraint 18 dropped
       Constraint 19 dropped
       Constraint 20 dropped
       Constraint 22 dropped
       Constraint 23 dropped
       Constraint 24 dropped
       Constraint 58 dropped
       Constraint 59 dropped
       Constraint 60 dropped
       Constraint 65 dropped
       Constraint 67 dropped
       Constraint 69 dropped
       Constraint 71 dropped
       Constraint 72 dropped
       Constraint 73 dropped

           chi2( 90) =  105.05
         Prob > chi2 =    0.1327

. local omni_nd_chi2 = r(chi2)

. local omni_nd_df = r(df)

. local omni_nd_p = r(p)

. 
. forvalues j = 1/`nvars_nodemo' {
  2.     capture estimates drop omni_nd`j'
  3. }

. 
. * Write omnibus results to file
. capture file close fout

. file open fout using "output/tables/balance_omnibus.tex", write replace

. 
. local omni_chi2_fmt: di %6.2f `omni_chi2'

. local omni_p_fmt: di %5.4f `omni_p'

. local omni_nd_chi2_fmt: di %6.2f `omni_nd_chi2'

. local omni_nd_p_fmt: di %5.4f `omni_nd_p'

. 
. file write fout "Omnibus (all domains) & \multicolumn{4}{c}{\$\chi^2(`omni_df
> ')=`omni_chi2_fmt'\$} & `omni_p_fmt' \\" _n

. file write fout "Omnibus (excl. demographics) & \multicolumn{4}{c}{\$\chi^2(`
> omni_nd_df')=`omni_nd_chi2_fmt'\$} & `omni_nd_p_fmt'" _n

. 
. file close fout

. 
. capture log close
